<?xml version="1.0" encoding="UTF-8"?>
<testsuite xmlns:xsi="http://www.w3.org/2001/XMLSchema-instance" xsi:noNamespaceSchemaLocation="https://maven.apache.org/surefire/maven-surefire-plugin/xsd/surefire-test-report.xsd" name="CheckCode_OCR.CheckCode_OCR.AppTest" time="0.208" tests="1" errors="0" skipped="0" failures="0">
  <properties>
[...]
</properties>
  <testcase name="testApp on testApp(CheckCode_OCR.CheckCode_OCR.AppTest)" classname="CheckCode_OCR.CheckCode_OCR.AppTest" time="0.14"/>
</testsuite>