<?xml version="1.0" encoding="UTF-8"?>
<testng-results skipped="0" failed="0" ignored="0" total="1" passed="1">
  <reporter-output>
  </reporter-output>
  <suite name="Surefire suite" duration-ms="21" started-at="2018-10-19T08:35:14Z" finished-at="2018-10-19T08:35:14Z">
    <groups>
    </groups>
    <test name="Surefire test" duration-ms="21" started-at="2018-10-19T08:35:14Z" finished-at="2018-10-19T08:35:14Z">
      <class name="CheckCode_OCR.CheckCode_OCR.AppTest">
        <test-method status="PASS" signature="testApp()[pri:0, instance:testApp(CheckCode_OCR.CheckCode_OCR.AppTest)]" name="testApp" duration-ms="6" started-at="2018-10-19T16:35:14Z" finished-at="2018-10-19T16:35:14Z">
          <reporter-output>
          </reporter-output>
        </test-method> <!-- testApp -->
      </class> <!-- CheckCode_OCR.CheckCode_OCR.AppTest -->
    </test> <!-- Surefire test -->
  </suite> <!-- Surefire suite -->
</testng-results>
