# JRE version: Java(TM) SE Runtime Environment (8.0_162-b12) (build 1.8.0_162-b12)
# Java VM: Java HotSpot(TM) 64-Bit Server VM (25.162-b12 mixed mode bsd-amd64 compressed oops)
Heap:
 PSYoungGen      total 350720K, used 72017K [0x000000076ab00000, 0x0000000784400000, 0x00000007c0000000)
  eden space 340480K, 18% used [0x000000076ab00000,0x000000076e9ce3e0,0x000000077f780000)
  from space 10240K, 75% used [0x000000077f780000,0x000000077ff06050,0x0000000780180000)
  to   space 10752K, 0% used [0x0000000783980000,0x0000000783980000,0x0000000784400000)
 ParOldGen       total 177152K, used 17330K [0x00000006c0000000, 0x00000006cad00000, 0x000000076ab00000)
  object space 177152K, 9% used [0x00000006c0000000,0x00000006c10ecad8,0x00000006cad00000)
 Metaspace       used 44454K, capacity 46378K, committed 46592K, reserved 1089536K
  class space    used 5766K, capacity 6118K, committed 6144K, reserved 1048576K
GC Heap History (10 events):
Event: 3.001 GC heap before
{Heap before GC invocations=9 (full 1):
 PSYoungGen      total 263680K, used 260162K [0x000000076ab00000, 0x000000077d100000, 0x00000007c0000000)
  eden space 256512K, 99% used [0x000000076ab00000,0x000000077a3d3b08,0x000000077a580000)
  from space 7168K, 74% used [0x000000077a580000,0x000000077aabd040,0x000000077ac80000)
  to   space 7168K, 0% used [0x000000077ca00000,0x000000077ca00000,0x000000077d100000)
 ParOldGen       total 101888K, used 5938K [0x00000006c0000000, 0x00000006c6380000, 0x000000076ab00000)
  object space 101888K, 5% used [0x00000006c0000000,0x00000006c05ccbf8,0x00000006c6380000)
 Metaspace       used 33967K, capacity 35270K, committed 35416K, reserved 1081344K
  class space    used 4336K, capacity 4588K, committed 4608K, reserved 1048576K
Event: 3.011 GC heap after
Heap after GC invocations=9 (full 1):
 PSYoungGen      total 290816K, used 7156K [0x000000076ab00000, 0x0000000782b00000, 0x00000007c0000000)
  eden space 283648K, 0% used [0x000000076ab00000,0x000000076ab00000,0x000000077c000000)
  from space 7168K, 99% used [0x000000077ca00000,0x000000077d0fd040,0x000000077d100000)
  to   space 10240K, 0% used [0x000000077c000000,0x000000077c000000,0x000000077ca00000)
 ParOldGen       total 101888K, used 10890K [0x00000006c0000000, 0x00000006c6380000, 0x000000076ab00000)
  object space 101888K, 10% used [0x00000006c0000000,0x00000006c0aa2960,0x00000006c6380000)
 Metaspace       used 33967K, capacity 35270K, committed 35416K, reserved 1081344K
  class space    used 4336K, capacity 4588K, committed 4608K, reserved 1048576K
}
Event: 3.011 GC heap before
{Heap before GC invocations=10 (full 2):
 PSYoungGen      total 290816K, used 7156K [0x000000076ab00000, 0x0000000782b00000, 0x00000007c0000000)
  eden space 283648K, 0% used [0x000000076ab00000,0x000000076ab00000,0x000000077c000000)
  from space 7168K, 99% used [0x000000077ca00000,0x000000077d0fd040,0x000000077d100000)
  to   space 10240K, 0% used [0x000000077c000000,0x000000077c000000,0x000000077ca00000)
 ParOldGen       total 101888K, used 10890K [0x00000006c0000000, 0x00000006c6380000, 0x000000076ab00000)
  object space 101888K, 10% used [0x00000006c0000000,0x00000006c0aa2960,0x00000006c6380000)
 Metaspace       used 33967K, capacity 35270K, committed 35416K, reserved 1081344K
  class space    used 4336K, capacity 4588K, committed 4608K, reserved 1048576K
Event: 3.076 GC heap after
Heap after GC invocations=10 (full 2):
 PSYoungGen      total 290816K, used 0K [0x000000076ab00000, 0x0000000782b00000, 0x00000007c0000000)
  eden space 283648K, 0% used [0x000000076ab00000,0x000000076ab00000,0x000000077c000000)
  from space 7168K, 0% used [0x000000077ca00000,0x000000077ca00000,0x000000077d100000)
  to   space 10240K, 0% used [0x000000077c000000,0x000000077c000000,0x000000077ca00000)
 ParOldGen       total 177152K, used 17306K [0x00000006c0000000, 0x00000006cad00000, 0x000000076ab00000)
  object space 177152K, 9% used [0x00000006c0000000,0x00000006c10e6ad8,0x00000006cad00000)
 Metaspace       used 33967K, capacity 35270K, committed 35416K, reserved 1081344K
  class space    used 4336K, capacity 4588K, committed 4608K, reserved 1048576K
}
Event: 3.539 GC heap before
{Heap before GC invocations=11 (full 2):
 PSYoungGen      total 290816K, used 283648K [0x000000076ab00000, 0x0000000782b00000, 0x00000007c0000000)
  eden space 283648K, 100% used [0x000000076ab00000,0x000000077c000000,0x000000077c000000)
  from space 7168K, 0% used [0x000000077ca00000,0x000000077ca00000,0x000000077d100000)
  to   space 10240K, 0% used [0x000000077c000000,0x000000077c000000,0x000000077ca00000)
 ParOldGen       total 177152K, used 17306K [0x00000006c0000000, 0x00000006cad00000, 0x000000076ab00000)
  object space 177152K, 9% used [0x00000006c0000000,0x00000006c10e6ad8,0x00000006cad00000)
 Metaspace       used 35962K, capacity 37358K, committed 37592K, reserved 1081344K
  class space    used 4602K, capacity 4904K, committed 4992K, reserved 1048576K
Event: 3.543 GC heap after
Heap after GC invocations=11 (full 2):
 PSYoungGen      total 293888K, used 3392K [0x000000076ab00000, 0x0000000780c00000, 0x00000007c0000000)
  eden space 283648K, 0% used [0x000000076ab00000,0x000000076ab00000,0x000000077c000000)
  from space 10240K, 33% used [0x000000077c000000,0x000000077c350000,0x000000077ca00000)
  to   space 10240K, 0% used [0x0000000780200000,0x0000000780200000,0x0000000780c00000)
 ParOldGen       total 177152K, used 17314K [0x00000006c0000000, 0x00000006cad00000, 0x000000076ab00000)
  object space 177152K, 9% used [0x00000006c0000000,0x00000006c10e8ad8,0x00000006cad00000)
 Metaspace       used 35962K, capacity 37358K, committed 37592K, reserved 1081344K
  class space    used 4602K, capacity 4904K, committed 4992K, reserved 1048576K
}
Event: 3.987 GC heap before
{Heap before GC invocations=12 (full 2):
 PSYoungGen      total 293888K, used 287040K [0x000000076ab00000, 0x0000000780c00000, 0x00000007c0000000)
  eden space 283648K, 100% used [0x000000076ab00000,0x000000077c000000,0x000000077c000000)
  from space 10240K, 33% used [0x000000077c000000,0x000000077c350000,0x000000077ca00000)
  to   space 10240K, 0% used [0x0000000780200000,0x0000000780200000,0x0000000780c00000)
 ParOldGen       total 177152K, used 17314K [0x00000006c0000000, 0x00000006cad00000, 0x000000076ab00000)
  object space 177152K, 9% used [0x00000006c0000000,0x00000006c10e8ad8,0x00000006cad00000)
 Metaspace       used 38261K, capacity 40062K, committed 40192K, reserved 1083392K
  class space    used 4934K, capacity 5260K, committed 5376K, reserved 1048576K
Event: 3.993 GC heap after
Heap after GC invocations=12 (full 2):
 PSYoungGen      total 350208K, used 6560K [0x000000076ab00000, 0x0000000780b80000, 0x00000007c0000000)
  eden space 340480K, 0% used [0x000000076ab00000,0x000000076ab00000,0x000000077f780000)
  from space 9728K, 67% used [0x0000000780200000,0x0000000780868000,0x0000000780b80000)
  to   space 10240K, 0% used [0x000000077f780000,0x000000077f780000,0x0000000780180000)
 ParOldGen       total 177152K, used 17322K [0x00000006c0000000, 0x00000006cad00000, 0x000000076ab00000)
  object space 177152K, 9% used [0x00000006c0000000,0x00000006c10eaad8,0x00000006cad00000)
 Metaspace       used 38261K, capacity 40062K, committed 40192K, reserved 1083392K
  class space    used 4934K, capacity 5260K, committed 5376K, reserved 1048576K
}
Event: 13.825 GC heap before
{Heap before GC invocations=13 (full 2):
 PSYoungGen      total 350208K, used 347040K [0x000000076ab00000, 0x0000000780b80000, 0x00000007c0000000)
  eden space 340480K, 100% used [0x000000076ab00000,0x000000077f780000,0x000000077f780000)
  from space 9728K, 67% used [0x0000000780200000,0x0000000780868000,0x0000000780b80000)
  to   space 10240K, 0% used [0x000000077f780000,0x000000077f780000,0x0000000780180000)
 ParOldGen       total 177152K, used 17322K [0x00000006c0000000, 0x00000006cad00000, 0x000000076ab00000)
  object space 177152K, 9% used [0x00000006c0000000,0x00000006c10eaad8,0x00000006cad00000)
 Metaspace       used 43801K, capacity 45706K, committed 45952K, reserved 1089536K
  class space    used 5620K, capacity 5958K, committed 6016K, reserved 1048576K
Event: 13.835 GC heap after
Heap after GC invocations=13 (full 2):
 PSYoungGen      total 350720K, used 7704K [0x000000076ab00000, 0x0000000784400000, 0x00000007c0000000)
  eden space 340480K, 0% used [0x000000076ab00000,0x000000076ab00000,0x000000077f780000)
  from space 10240K, 75% used [0x000000077f780000,0x000000077ff06050,0x0000000780180000)
  to   space 10752K, 0% used [0x0000000783980000,0x0000000783980000,0x0000000784400000)
 ParOldGen       total 177152K, used 17330K [0x00000006c0000000, 0x00000006cad00000, 0x000000076ab00000)
  object space 177152K, 9% used [0x00000006c0000000,0x00000006c10ecad8,0x00000006cad00000)
 Metaspace       used 43801K, capacity 45706K, committed 45952K, reserved 1089536K
  class space    used 5620K, capacity 5958K, committed 6016K, reserved 1048576K
}

