# JRE version: Java(TM) SE Runtime Environment (8.0_162-b12) (build 1.8.0_162-b12)
# Java VM: Java HotSpot(TM) 64-Bit Server VM (25.162-b12 mixed mode bsd-amd64 compressed oops)
Heap:
 PSYoungGen      total 358400K, used 60124K [0x000000076ab00000, 0x0000000784d80000, 0x00000007c0000000)
  eden space 348160K, 15% used [0x000000076ab00000,0x000000076de15318,0x000000077ff00000)
  from space 10240K, 76% used [0x000000077ff00000,0x00000007806a2040,0x0000000780900000)
  to   space 10752K, 0% used [0x0000000784300000,0x0000000784300000,0x0000000784d80000)
 ParOldGen       total 174592K, used 17341K [0x00000006c0000000, 0x00000006caa80000, 0x000000076ab00000)
  object space 174592K, 9% used [0x00000006c0000000,0x00000006c10ef718,0x00000006caa80000)
 Metaspace       used 44472K, capacity 46374K, committed 46592K, reserved 1089536K
  class space    used 5770K, capacity 6118K, committed 6144K, reserved 1048576K
GC Heap History (10 events):
Event: 2.758 GC heap before
{Heap before GC invocations=9 (full 1):
 PSYoungGen      total 264704K, used 262661K [0x000000076ab00000, 0x000000077d600000, 0x00000007c0000000)
  eden space 258048K, 99% used [0x000000076ab00000,0x000000077a604500,0x000000077a700000)
  from space 6656K, 84% used [0x000000077a700000,0x000000077ac7d040,0x000000077ad80000)
  to   space 7168K, 0% used [0x000000077cf00000,0x000000077cf00000,0x000000077d600000)
 ParOldGen       total 101376K, used 5725K [0x00000006c0000000, 0x00000006c6300000, 0x000000076ab00000)
  object space 101376K, 5% used [0x00000006c0000000,0x00000006c0597620,0x00000006c6300000)
 Metaspace       used 33991K, capacity 35266K, committed 35416K, reserved 1081344K
  class space    used 4341K, capacity 4588K, committed 4608K, reserved 1048576K
Event: 2.769 GC heap after
Heap after GC invocations=9 (full 1):
 PSYoungGen      total 295936K, used 7156K [0x000000076ab00000, 0x0000000782f80000, 0x00000007c0000000)
  eden space 288768K, 0% used [0x000000076ab00000,0x000000076ab00000,0x000000077c500000)
  from space 7168K, 99% used [0x000000077cf00000,0x000000077d5fd050,0x000000077d600000)
  to   space 10240K, 0% used [0x000000077c500000,0x000000077c500000,0x000000077cf00000)
 ParOldGen       total 101376K, used 10991K [0x00000006c0000000, 0x00000006c6300000, 0x000000076ab00000)
  object space 101376K, 10% used [0x00000006c0000000,0x00000006c0abbf88,0x00000006c6300000)
 Metaspace       used 33991K, capacity 35266K, committed 35416K, reserved 1081344K
  class space    used 4341K, capacity 4588K, committed 4608K, reserved 1048576K
}
Event: 2.769 GC heap before
{Heap before GC invocations=10 (full 2):
 PSYoungGen      total 295936K, used 7156K [0x000000076ab00000, 0x0000000782f80000, 0x00000007c0000000)
  eden space 288768K, 0% used [0x000000076ab00000,0x000000076ab00000,0x000000077c500000)
  from space 7168K, 99% used [0x000000077cf00000,0x000000077d5fd050,0x000000077d600000)
  to   space 10240K, 0% used [0x000000077c500000,0x000000077c500000,0x000000077cf00000)
 ParOldGen       total 101376K, used 10991K [0x00000006c0000000, 0x00000006c6300000, 0x000000076ab00000)
  object space 101376K, 10% used [0x00000006c0000000,0x00000006c0abbf88,0x00000006c6300000)
 Metaspace       used 33991K, capacity 35266K, committed 35416K, reserved 1081344K
  class space    used 4341K, capacity 4588K, committed 4608K, reserved 1048576K
Event: 2.835 GC heap after
Heap after GC invocations=10 (full 2):
 PSYoungGen      total 295936K, used 0K [0x000000076ab00000, 0x0000000782f80000, 0x00000007c0000000)
  eden space 288768K, 0% used [0x000000076ab00000,0x000000076ab00000,0x000000077c500000)
  from space 7168K, 0% used [0x000000077cf00000,0x000000077cf00000,0x000000077d600000)
  to   space 10240K, 0% used [0x000000077c500000,0x000000077c500000,0x000000077cf00000)
 ParOldGen       total 174592K, used 17317K [0x00000006c0000000, 0x00000006caa80000, 0x000000076ab00000)
  object space 174592K, 9% used [0x00000006c0000000,0x00000006c10e9718,0x00000006caa80000)
 Metaspace       used 33991K, capacity 35266K, committed 35416K, reserved 1081344K
  class space    used 4341K, capacity 4588K, committed 4608K, reserved 1048576K
}
Event: 3.306 GC heap before
{Heap before GC invocations=11 (full 2):
 PSYoungGen      total 295936K, used 288768K [0x000000076ab00000, 0x0000000782f80000, 0x00000007c0000000)
  eden space 288768K, 100% used [0x000000076ab00000,0x000000077c500000,0x000000077c500000)
  from space 7168K, 0% used [0x000000077cf00000,0x000000077cf00000,0x000000077d600000)
  to   space 10240K, 0% used [0x000000077c500000,0x000000077c500000,0x000000077cf00000)
 ParOldGen       total 174592K, used 17317K [0x00000006c0000000, 0x00000006caa80000, 0x000000076ab00000)
  object space 174592K, 9% used [0x00000006c0000000,0x00000006c10e9718,0x00000006caa80000)
 Metaspace       used 36015K, capacity 37430K, committed 37592K, reserved 1081344K
  class space    used 4614K, capacity 4906K, committed 4992K, reserved 1048576K
Event: 3.310 GC heap after
Heap after GC invocations=11 (full 2):
 PSYoungGen      total 299008K, used 3456K [0x000000076ab00000, 0x0000000781300000, 0x00000007c0000000)
  eden space 288768K, 0% used [0x000000076ab00000,0x000000076ab00000,0x000000077c500000)
  from space 10240K, 33% used [0x000000077c500000,0x000000077c860000,0x000000077cf00000)
  to   space 10240K, 0% used [0x0000000780900000,0x0000000780900000,0x0000000781300000)
 ParOldGen       total 174592K, used 17325K [0x00000006c0000000, 0x00000006caa80000, 0x000000076ab00000)
  object space 174592K, 9% used [0x00000006c0000000,0x00000006c10eb718,0x00000006caa80000)
 Metaspace       used 36015K, capacity 37430K, committed 37592K, reserved 1081344K
  class space    used 4614K, capacity 4906K, committed 4992K, reserved 1048576K
}
Event: 3.751 GC heap before
{Heap before GC invocations=12 (full 2):
 PSYoungGen      total 299008K, used 292224K [0x000000076ab00000, 0x0000000781300000, 0x00000007c0000000)
  eden space 288768K, 100% used [0x000000076ab00000,0x000000077c500000,0x000000077c500000)
  from space 10240K, 33% used [0x000000077c500000,0x000000077c860000,0x000000077cf00000)
  to   space 10240K, 0% used [0x0000000780900000,0x0000000780900000,0x0000000781300000)
 ParOldGen       total 174592K, used 17325K [0x00000006c0000000, 0x00000006caa80000, 0x000000076ab00000)
  object space 174592K, 9% used [0x00000006c0000000,0x00000006c10eb718,0x00000006caa80000)
 Metaspace       used 38519K, capacity 40306K, committed 40448K, reserved 1085440K
  class space    used 4966K, capacity 5300K, committed 5376K, reserved 1048576K
Event: 3.758 GC heap after
Heap after GC invocations=12 (full 2):
 PSYoungGen      total 358400K, used 6656K [0x000000076ab00000, 0x0000000781380000, 0x00000007c0000000)
  eden space 348160K, 0% used [0x000000076ab00000,0x000000076ab00000,0x000000077ff00000)
  from space 10240K, 65% used [0x0000000780900000,0x0000000780f80000,0x0000000781300000)
  to   space 10240K, 0% used [0x000000077ff00000,0x000000077ff00000,0x0000000780900000)
 ParOldGen       total 174592K, used 17333K [0x00000006c0000000, 0x00000006caa80000, 0x000000076ab00000)
  object space 174592K, 9% used [0x00000006c0000000,0x00000006c10ed718,0x00000006caa80000)
 Metaspace       used 38519K, capacity 40306K, committed 40448K, reserved 1085440K
  class space    used 4966K, capacity 5300K, committed 5376K, reserved 1048576K
}
Event: 200.467 GC heap before
{Heap before GC invocations=13 (full 2):
 PSYoungGen      total 358400K, used 354816K [0x000000076ab00000, 0x0000000781380000, 0x00000007c0000000)
  eden space 348160K, 100% used [0x000000076ab00000,0x000000077ff00000,0x000000077ff00000)
  from space 10240K, 65% used [0x0000000780900000,0x0000000780f80000,0x0000000781300000)
  to   space 10240K, 0% used [0x000000077ff00000,0x000000077ff00000,0x0000000780900000)
 ParOldGen       total 174592K, used 17333K [0x00000006c0000000, 0x00000006caa80000, 0x000000076ab00000)
  object space 174592K, 9% used [0x00000006c0000000,0x00000006c10ed718,0x00000006caa80000)
 Metaspace       used 44069K, capacity 45958K, committed 46080K, reserved 1089536K
  class space    used 5672K, capacity 6022K, committed 6144K, reserved 1048576K
Event: 200.479 GC heap after
Heap after GC invocations=13 (full 2):
 PSYoungGen      total 358400K, used 7816K [0x000000076ab00000, 0x0000000784d80000, 0x00000007c0000000)
  eden space 348160K, 0% used [0x000000076ab00000,0x000000076ab00000,0x000000077ff00000)
  from space 10240K, 76% used [0x000000077ff00000,0x00000007806a2040,0x0000000780900000)
  to   space 10752K, 0% used [0x0000000784300000,0x0000000784300000,0x0000000784d80000)
 ParOldGen       total 174592K, used 17341K [0x00000006c0000000, 0x00000006caa80000, 0x000000076ab00000)
  object space 174592K, 9% used [0x00000006c0000000,0x00000006c10ef718,0x00000006caa80000)
 Metaspace       used 44069K, capacity 45958K, committed 46080K, reserved 1089536K
  class space    used 5672K, capacity 6022K, committed 6144K, reserved 1048576K
}

