# JRE version: Java(TM) SE Runtime Environment (8.0_162-b12) (build 1.8.0_162-b12)
# Java VM: Java HotSpot(TM) 64-Bit Server VM (25.162-b12 mixed mode bsd-amd64 compressed oops)
Heap:
 PSYoungGen      total 309760K, used 145735K [0x000000076ab00000, 0x000000077e700000, 0x00000007c0000000)
  eden space 302592K, 45% used [0x000000076ab00000,0x00000007732c1dc0,0x000000077d280000)
  from space 7168K, 93% used [0x000000077dc00000,0x000000077e290020,0x000000077e300000)
  to   space 4096K, 0% used [0x000000077e300000,0x000000077e300000,0x000000077e700000)
 ParOldGen       total 186880K, used 17373K [0x00000006c0000000, 0x00000006cb680000, 0x000000076ab00000)
  object space 186880K, 9% used [0x00000006c0000000,0x00000006c10f74f8,0x00000006cb680000)
 Metaspace       used 44486K, capacity 46438K, committed 46592K, reserved 1089536K
  class space    used 5767K, capacity 6118K, committed 6144K, reserved 1048576K
GC Heap History (10 events):
Event: 3.021 GC heap before
{Heap before GC invocations=9 (full 1):
 PSYoungGen      total 264704K, used 262047K [0x000000076ab00000, 0x000000077bd80000, 0x00000007c0000000)
  eden space 258048K, 99% used [0x000000076ab00000,0x000000077a582c30,0x000000077a700000)
  from space 6656K, 82% used [0x000000077a700000,0x000000077ac65040,0x000000077ad80000)
  to   space 7168K, 0% used [0x000000077b680000,0x000000077b680000,0x000000077bd80000)
 ParOldGen       total 106496K, used 5772K [0x00000006c0000000, 0x00000006c6800000, 0x000000076ab00000)
  object space 106496K, 5% used [0x00000006c0000000,0x00000006c05a3378,0x00000006c6800000)
 Metaspace       used 33975K, capacity 35266K, committed 35416K, reserved 1081344K
  class space    used 4339K, capacity 4588K, committed 4608K, reserved 1048576K
Event: 3.032 GC heap after
Heap after GC invocations=9 (full 1):
 PSYoungGen      total 270848K, used 7136K [0x000000076ab00000, 0x0000000782280000, 0x00000007c0000000)
  eden space 263680K, 0% used [0x000000076ab00000,0x000000076ab00000,0x000000077ac80000)
  from space 7168K, 99% used [0x000000077b680000,0x000000077bd78030,0x000000077bd80000)
  to   space 10240K, 0% used [0x000000077ac80000,0x000000077ac80000,0x000000077b680000)
 ParOldGen       total 106496K, used 11030K [0x00000006c0000000, 0x00000006c6800000, 0x000000076ab00000)
  object space 106496K, 10% used [0x00000006c0000000,0x00000006c0ac58e8,0x00000006c6800000)
 Metaspace       used 33975K, capacity 35266K, committed 35416K, reserved 1081344K
  class space    used 4339K, capacity 4588K, committed 4608K, reserved 1048576K
}
Event: 3.032 GC heap before
{Heap before GC invocations=10 (full 2):
 PSYoungGen      total 270848K, used 7136K [0x000000076ab00000, 0x0000000782280000, 0x00000007c0000000)
  eden space 263680K, 0% used [0x000000076ab00000,0x000000076ab00000,0x000000077ac80000)
  from space 7168K, 99% used [0x000000077b680000,0x000000077bd78030,0x000000077bd80000)
  to   space 10240K, 0% used [0x000000077ac80000,0x000000077ac80000,0x000000077b680000)
 ParOldGen       total 106496K, used 11030K [0x00000006c0000000, 0x00000006c6800000, 0x000000076ab00000)
  object space 106496K, 10% used [0x00000006c0000000,0x00000006c0ac58e8,0x00000006c6800000)
 Metaspace       used 33975K, capacity 35266K, committed 35416K, reserved 1081344K
  class space    used 4339K, capacity 4588K, committed 4608K, reserved 1048576K
Event: 3.101 GC heap after
Heap after GC invocations=10 (full 2):
 PSYoungGen      total 270848K, used 0K [0x000000076ab00000, 0x0000000782280000, 0x00000007c0000000)
  eden space 263680K, 0% used [0x000000076ab00000,0x000000076ab00000,0x000000077ac80000)
  from space 7168K, 0% used [0x000000077b680000,0x000000077b680000,0x000000077bd80000)
  to   space 10240K, 0% used [0x000000077ac80000,0x000000077ac80000,0x000000077b680000)
 ParOldGen       total 186880K, used 17349K [0x00000006c0000000, 0x00000006cb680000, 0x000000076ab00000)
  object space 186880K, 9% used [0x00000006c0000000,0x00000006c10f14f8,0x00000006cb680000)
 Metaspace       used 33975K, capacity 35266K, committed 35416K, reserved 1081344K
  class space    used 4339K, capacity 4588K, committed 4608K, reserved 1048576K
}
Event: 3.511 GC heap before
{Heap before GC invocations=11 (full 2):
 PSYoungGen      total 270848K, used 263680K [0x000000076ab00000, 0x0000000782280000, 0x00000007c0000000)
  eden space 263680K, 100% used [0x000000076ab00000,0x000000077ac80000,0x000000077ac80000)
  from space 7168K, 0% used [0x000000077b680000,0x000000077b680000,0x000000077bd80000)
  to   space 10240K, 0% used [0x000000077ac80000,0x000000077ac80000,0x000000077b680000)
 ParOldGen       total 186880K, used 17349K [0x00000006c0000000, 0x00000006cb680000, 0x000000076ab00000)
  object space 186880K, 9% used [0x00000006c0000000,0x00000006c10f14f8,0x00000006cb680000)
 Metaspace       used 35737K, capacity 37106K, committed 37336K, reserved 1081344K
  class space    used 4572K, capacity 4868K, committed 4992K, reserved 1048576K
Event: 3.515 GC heap after
Heap after GC invocations=11 (full 2):
 PSYoungGen      total 273920K, used 3104K [0x000000076ab00000, 0x000000077f080000, 0x00000007c0000000)
  eden space 263680K, 0% used [0x000000076ab00000,0x000000076ab00000,0x000000077ac80000)
  from space 10240K, 30% used [0x000000077ac80000,0x000000077af88000,0x000000077b680000)
  to   space 10240K, 0% used [0x000000077e680000,0x000000077e680000,0x000000077f080000)
 ParOldGen       total 186880K, used 17357K [0x00000006c0000000, 0x00000006cb680000, 0x000000076ab00000)
  object space 186880K, 9% used [0x00000006c0000000,0x00000006c10f34f8,0x00000006cb680000)
 Metaspace       used 35737K, capacity 37106K, committed 37336K, reserved 1081344K
  class space    used 4572K, capacity 4868K, committed 4992K, reserved 1048576K
}
Event: 3.952 GC heap before
{Heap before GC invocations=12 (full 2):
 PSYoungGen      total 273920K, used 266784K [0x000000076ab00000, 0x000000077f080000, 0x00000007c0000000)
  eden space 263680K, 100% used [0x000000076ab00000,0x000000077ac80000,0x000000077ac80000)
  from space 10240K, 30% used [0x000000077ac80000,0x000000077af88000,0x000000077b680000)
  to   space 10240K, 0% used [0x000000077e680000,0x000000077e680000,0x000000077f080000)
 ParOldGen       total 186880K, used 17357K [0x00000006c0000000, 0x00000006cb680000, 0x000000076ab00000)
  object space 186880K, 9% used [0x00000006c0000000,0x00000006c10f34f8,0x00000006cb680000)
 Metaspace       used 37870K, capacity 39596K, committed 39808K, reserved 1083392K
  class space    used 4895K, capacity 5217K, committed 5248K, reserved 1048576K
Event: 3.958 GC heap after
Heap after GC invocations=12 (full 2):
 PSYoungGen      total 322048K, used 6176K [0x000000076ab00000, 0x000000077f000000, 0x00000007c0000000)
  eden space 312320K, 0% used [0x000000076ab00000,0x000000076ab00000,0x000000077dc00000)
  from space 9728K, 63% used [0x000000077e680000,0x000000077ec88000,0x000000077f000000)
  to   space 10240K, 0% used [0x000000077dc00000,0x000000077dc00000,0x000000077e600000)
 ParOldGen       total 186880K, used 17365K [0x00000006c0000000, 0x00000006cb680000, 0x000000076ab00000)
  object space 186880K, 9% used [0x00000006c0000000,0x00000006c10f54f8,0x00000006cb680000)
 Metaspace       used 37870K, capacity 39596K, committed 39808K, reserved 1083392K
  class space    used 4895K, capacity 5217K, committed 5248K, reserved 1048576K
}
Event: 1690.153 GC heap before
{Heap before GC invocations=13 (full 2):
 PSYoungGen      total 322048K, used 318496K [0x000000076ab00000, 0x000000077f000000, 0x00000007c0000000)
  eden space 312320K, 100% used [0x000000076ab00000,0x000000077dc00000,0x000000077dc00000)
  from space 9728K, 63% used [0x000000077e680000,0x000000077ec88000,0x000000077f000000)
  to   space 10240K, 0% used [0x000000077dc00000,0x000000077dc00000,0x000000077e600000)
 ParOldGen       total 186880K, used 17365K [0x00000006c0000000, 0x00000006cb680000, 0x000000076ab00000)
  object space 186880K, 9% used [0x00000006c0000000,0x00000006c10f54f8,0x00000006cb680000)
 Metaspace       used 41025K, capacity 42872K, committed 43136K, reserved 1087488K
  class space    used 5308K, capacity 5661K, committed 5760K, reserved 1048576K
Event: 1690.162 GC heap after
Heap after GC invocations=13 (full 2):
 PSYoungGen      total 309760K, used 6720K [0x000000076ab00000, 0x000000077e700000, 0x00000007c0000000)
  eden space 302592K, 0% used [0x000000076ab00000,0x000000076ab00000,0x000000077d280000)
  from space 7168K, 93% used [0x000000077dc00000,0x000000077e290020,0x000000077e300000)
  to   space 4096K, 0% used [0x000000077e300000,0x000000077e300000,0x000000077e700000)
 ParOldGen       total 186880K, used 17373K [0x00000006c0000000, 0x00000006cb680000, 0x000000076ab00000)
  object space 186880K, 9% used [0x00000006c0000000,0x00000006c10f74f8,0x00000006cb680000)
 Metaspace       used 41025K, capacity 42872K, committed 43136K, reserved 1087488K
  class space    used 5308K, capacity 5661K, committed 5760K, reserved 1048576K
}

