# JRE version: Java(TM) SE Runtime Environment (8.0_162-b12) (build 1.8.0_162-b12)
# Java VM: Java HotSpot(TM) 64-Bit Server VM (25.162-b12 mixed mode bsd-amd64 compressed oops)
Heap:
 PSYoungGen      total 366080K, used 58128K [0x000000076ab00000, 0x0000000786100000, 0x00000007c0000000)
  eden space 355840K, 14% used [0x000000076ab00000,0x000000076dc022d8,0x0000000780680000)
  from space 10240K, 77% used [0x0000000780680000,0x0000000780e42060,0x0000000781080000)
  to   space 10752K, 0% used [0x0000000785680000,0x0000000785680000,0x0000000786100000)
 ParOldGen       total 176640K, used 17319K [0x00000006c0000000, 0x00000006cac80000, 0x000000076ab00000)
  object space 176640K, 9% used [0x00000006c0000000,0x00000006c10e9e60,0x00000006cac80000)
 Metaspace       used 44462K, capacity 46378K, committed 46592K, reserved 1089536K
  class space    used 5770K, capacity 6118K, committed 6144K, reserved 1048576K
GC Heap History (10 events):
Event: 2.763 GC heap before
{Heap before GC invocations=9 (full 1):
 PSYoungGen      total 263680K, used 253496K [0x000000076ab00000, 0x000000077d400000, 0x00000007c0000000)
  eden space 256512K, 96% used [0x000000076ab00000,0x0000000779d69000,0x000000077a580000)
  from space 7168K, 73% used [0x000000077a580000,0x000000077aaa5040,0x000000077ac80000)
  to   space 7168K, 0% used [0x000000077cd00000,0x000000077cd00000,0x000000077d400000)
 ParOldGen       total 101376K, used 6055K [0x00000006c0000000, 0x00000006c6300000, 0x000000076ab00000)
  object space 101376K, 5% used [0x00000006c0000000,0x00000006c05e9d78,0x00000006c6300000)
 Metaspace       used 33955K, capacity 35262K, committed 35416K, reserved 1081344K
  class space    used 4340K, capacity 4588K, committed 4608K, reserved 1048576K
Event: 2.772 GC heap after
Heap after GC invocations=9 (full 1):
 PSYoungGen      total 293888K, used 7156K [0x000000076ab00000, 0x0000000782c00000, 0x00000007c0000000)
  eden space 286720K, 0% used [0x000000076ab00000,0x000000076ab00000,0x000000077c300000)
  from space 7168K, 99% used [0x000000077cd00000,0x000000077d3fd040,0x000000077d400000)
  to   space 10240K, 0% used [0x000000077c300000,0x000000077c300000,0x000000077cd00000)
 ParOldGen       total 101376K, used 10893K [0x00000006c0000000, 0x00000006c6300000, 0x000000076ab00000)
  object space 101376K, 10% used [0x00000006c0000000,0x00000006c0aa36c0,0x00000006c6300000)
 Metaspace       used 33955K, capacity 35262K, committed 35416K, reserved 1081344K
  class space    used 4340K, capacity 4588K, committed 4608K, reserved 1048576K
}
Event: 2.772 GC heap before
{Heap before GC invocations=10 (full 2):
 PSYoungGen      total 293888K, used 7156K [0x000000076ab00000, 0x0000000782c00000, 0x00000007c0000000)
  eden space 286720K, 0% used [0x000000076ab00000,0x000000076ab00000,0x000000077c300000)
  from space 7168K, 99% used [0x000000077cd00000,0x000000077d3fd040,0x000000077d400000)
  to   space 10240K, 0% used [0x000000077c300000,0x000000077c300000,0x000000077cd00000)
 ParOldGen       total 101376K, used 10893K [0x00000006c0000000, 0x00000006c6300000, 0x000000076ab00000)
  object space 101376K, 10% used [0x00000006c0000000,0x00000006c0aa36c0,0x00000006c6300000)
 Metaspace       used 33955K, capacity 35262K, committed 35416K, reserved 1081344K
  class space    used 4340K, capacity 4588K, committed 4608K, reserved 1048576K
Event: 2.836 GC heap after
Heap after GC invocations=10 (full 2):
 PSYoungGen      total 293888K, used 0K [0x000000076ab00000, 0x0000000782c00000, 0x00000007c0000000)
  eden space 286720K, 0% used [0x000000076ab00000,0x000000076ab00000,0x000000077c300000)
  from space 7168K, 0% used [0x000000077cd00000,0x000000077cd00000,0x000000077d400000)
  to   space 10240K, 0% used [0x000000077c300000,0x000000077c300000,0x000000077cd00000)
 ParOldGen       total 176640K, used 17303K [0x00000006c0000000, 0x00000006cac80000, 0x000000076ab00000)
  object space 176640K, 9% used [0x00000006c0000000,0x00000006c10e5e60,0x00000006cac80000)
 Metaspace       used 33955K, capacity 35262K, committed 35416K, reserved 1081344K
  class space    used 4340K, capacity 4588K, committed 4608K, reserved 1048576K
}
Event: 3.299 GC heap before
{Heap before GC invocations=11 (full 2):
 PSYoungGen      total 293888K, used 286720K [0x000000076ab00000, 0x0000000782c00000, 0x00000007c0000000)
  eden space 286720K, 100% used [0x000000076ab00000,0x000000077c300000,0x000000077c300000)
  from space 7168K, 0% used [0x000000077cd00000,0x000000077cd00000,0x000000077d400000)
  to   space 10240K, 0% used [0x000000077c300000,0x000000077c300000,0x000000077cd00000)
 ParOldGen       total 176640K, used 17303K [0x00000006c0000000, 0x00000006cac80000, 0x000000076ab00000)
  object space 176640K, 9% used [0x00000006c0000000,0x00000006c10e5e60,0x00000006cac80000)
 Metaspace       used 36007K, capacity 37434K, committed 37592K, reserved 1081344K
  class space    used 4610K, capacity 4906K, committed 4992K, reserved 1048576K
Event: 3.318 GC heap after
Heap after GC invocations=11 (full 2):
 PSYoungGen      total 296960K, used 3456K [0x000000076ab00000, 0x0000000781e00000, 0x00000007c0000000)
  eden space 286720K, 0% used [0x000000076ab00000,0x000000076ab00000,0x000000077c300000)
  from space 10240K, 33% used [0x000000077c300000,0x000000077c660000,0x000000077cd00000)
  to   space 10240K, 0% used [0x0000000781400000,0x0000000781400000,0x0000000781e00000)
 ParOldGen       total 176640K, used 17303K [0x00000006c0000000, 0x00000006cac80000, 0x000000076ab00000)
  object space 176640K, 9% used [0x00000006c0000000,0x00000006c10e5e60,0x00000006cac80000)
 Metaspace       used 36007K, capacity 37434K, committed 37592K, reserved 1081344K
  class space    used 4610K, capacity 4906K, committed 4992K, reserved 1048576K
}
Event: 3.774 GC heap before
{Heap before GC invocations=12 (full 2):
 PSYoungGen      total 296960K, used 290176K [0x000000076ab00000, 0x0000000781e00000, 0x00000007c0000000)
  eden space 286720K, 100% used [0x000000076ab00000,0x000000077c300000,0x000000077c300000)
  from space 10240K, 33% used [0x000000077c300000,0x000000077c660000,0x000000077cd00000)
  to   space 10240K, 0% used [0x0000000781400000,0x0000000781400000,0x0000000781e00000)
 ParOldGen       total 176640K, used 17303K [0x00000006c0000000, 0x00000006cac80000, 0x000000076ab00000)
  object space 176640K, 9% used [0x00000006c0000000,0x00000006c10e5e60,0x00000006cac80000)
 Metaspace       used 38505K, capacity 40310K, committed 40448K, reserved 1085440K
  class space    used 4960K, capacity 5300K, committed 5376K, reserved 1048576K
Event: 3.780 GC heap after
Heap after GC invocations=12 (full 2):
 PSYoungGen      total 361984K, used 6624K [0x000000076ab00000, 0x0000000781a80000, 0x00000007c0000000)
  eden space 355328K, 0% used [0x000000076ab00000,0x000000076ab00000,0x0000000780600000)
  from space 6656K, 99% used [0x0000000781400000,0x0000000781a78000,0x0000000781a80000)
  to   space 10240K, 0% used [0x0000000780680000,0x0000000780680000,0x0000000781080000)
 ParOldGen       total 176640K, used 17311K [0x00000006c0000000, 0x00000006cac80000, 0x000000076ab00000)
  object space 176640K, 9% used [0x00000006c0000000,0x00000006c10e7e60,0x00000006cac80000)
 Metaspace       used 38505K, capacity 40310K, committed 40448K, reserved 1085440K
  class space    used 4960K, capacity 5300K, committed 5376K, reserved 1048576K
}
Event: 20.535 GC heap before
{Heap before GC invocations=13 (full 2):
 PSYoungGen      total 361984K, used 361952K [0x000000076ab00000, 0x0000000781a80000, 0x00000007c0000000)
  eden space 355328K, 100% used [0x000000076ab00000,0x0000000780600000,0x0000000780600000)
  from space 6656K, 99% used [0x0000000781400000,0x0000000781a78000,0x0000000781a80000)
  to   space 10240K, 0% used [0x0000000780680000,0x0000000780680000,0x0000000781080000)
 ParOldGen       total 176640K, used 17311K [0x00000006c0000000, 0x00000006cac80000, 0x000000076ab00000)
  object space 176640K, 9% used [0x00000006c0000000,0x00000006c10e7e60,0x00000006cac80000)
 Metaspace       used 44072K, capacity 45962K, committed 46336K, reserved 1089536K
  class space    used 5677K, capacity 6022K, committed 6144K, reserved 1048576K
Event: 20.549 GC heap after
Heap after GC invocations=13 (full 2):
 PSYoungGen      total 366080K, used 7944K [0x000000076ab00000, 0x0000000786100000, 0x00000007c0000000)
  eden space 355840K, 0% used [0x000000076ab00000,0x000000076ab00000,0x0000000780680000)
  from space 10240K, 77% used [0x0000000780680000,0x0000000780e42060,0x0000000781080000)
  to   space 10752K, 0% used [0x0000000785680000,0x0000000785680000,0x0000000786100000)
 ParOldGen       total 176640K, used 17319K [0x00000006c0000000, 0x00000006cac80000, 0x000000076ab00000)
  object space 176640K, 9% used [0x00000006c0000000,0x00000006c10e9e60,0x00000006cac80000)
 Metaspace       used 44072K, capacity 45962K, committed 46336K, reserved 1089536K
  class space    used 5677K, capacity 6022K, committed 6144K, reserved 1048576K
}

